{"name": "test_less_password", "status": "failed", "statusDetails": {"message": "AssertionError: assert 'This user already exist.' == 'The password...han 4 digits.'\n  - The password needs to be more than 4 digits.\n  + This user already exist.", "trace": "self = <Web.Tests.test_signup.Test_SignUp object at 0x000002E90421AEF0>\n\n>   ???\nE   AssertionError: assert 'This user already exist.' == 'The password...han 4 digits.'\nE     - The password needs to be more than 4 digits.\nE     + This user already exist.\n\nC:\\Users\\user\\PycharmProjects\\Final Project\\Web\\Tests\\test_signup.py:34: AssertionError"}, "description": "Verify signup with less password", "steps": [{"name": "Opening the website", "status": "passed", "start": 1675538181185, "stop": 1675538181472}, {"name": "Clicking the element", "status": "passed", "parameters": [{"name": "locate", "value": "('xpath', \"//a[@id='signin2']\")"}], "start": 1675538181472, "stop": 1675538181557}, {"name": "Clicking the element", "status": "passed", "parameters": [{"name": "locate", "value": "('xpath', \"//button[contains(text(),'Sign up')]\")"}], "start": 1675538182302, "stop": 1675538182363}, {"name": "Read alert message", "status": "passed", "parameters": [{"name": "time", "value": "10"}], "start": 1675538185369, "stop": 1675538185381}], "start": 1675538181185, "stop": 1675538185381, "uuid": "b7d98141-aac3-41f0-931d-8c815c39e671", "historyId": "0208a133c5fa972520aaa03693138fee", "testCaseId": "85195f30ddcea0377380658ff96eed69", "fullName": "Tests.test_signup.Test_SignUp#test_less_password", "labels": [{"name": "parentSuite", "value": "Tests"}, {"name": "suite", "value": "test_signup"}, {"name": "subSuite", "value": "Test_SignUp"}, {"name": "host", "value": "mike"}, {"name": "thread", "value": "7176-MainThread"}, {"name": "framework", "value": "pytest"}, {"name": "language", "value": "cpython3"}, {"name": "package", "value": "Tests.test_signup"}]}