{"name": "test_with_no_comment", "status": "failed", "statusDetails": {"message": "AssertionError: assert 'Thanks for the message!!' == 'Please fill ...comment field'\n  - Please fill out the comment field\n  + Thanks for the message!!", "trace": "self = <Web.Tests.test_contactus.Test_ContactUs object at 0x000001C2A1273DC0>\n\n>   ???\nE   AssertionError: assert 'Thanks for the message!!' == 'Please fill ...comment field'\nE     - Please fill out the comment field\nE     + Thanks for the message!!\n\nC:\\Users\\user\\PycharmProjects\\Final Project\\Web\\Tests\\test_contactus.py:65: AssertionError"}, "description": "Check that comment submission works by entering the correct name and email but without entering a comment.", "steps": [{"name": "Opening the website", "status": "passed", "start": 1675537258781, "stop": 1675537259125}, {"name": "Clicking the element", "status": "passed", "parameters": [{"name": "locate", "value": "('xpath', \"//a[contains(text(),'Contact')]\")"}], "start": 1675537259125, "stop": 1675537259210}, {"name": "Clicking the element", "status": "passed", "parameters": [{"name": "locate", "value": "('xpath', \"//button[contains(text(),'Send message')]\")"}], "start": 1675537259953, "stop": 1675537260046}, {"name": "Read alert message", "status": "passed", "parameters": [{"name": "time", "value": "10"}], "start": 1675537262047, "stop": 1675537262059}], "start": 1675537258781, "stop": 1675537262060, "uuid": "0ab96b86-91af-40bb-94c0-72fde4e99050", "historyId": "ba92b26e77e6be7852ea83affecbfa7d", "testCaseId": "8fadcc2ba2419dd8ea0939cb98a6e3da", "fullName": "Tests.test_contactus.Test_ContactUs#test_with_no_comment", "labels": [{"name": "parentSuite", "value": "Tests"}, {"name": "suite", "value": "test_contactus"}, {"name": "subSuite", "value": "Test_ContactUs"}, {"name": "host", "value": "mike"}, {"name": "thread", "value": "15340-MainThread"}, {"name": "framework", "value": "pytest"}, {"name": "language", "value": "cpython3"}, {"name": "package", "value": "Tests.test_contactus"}]}