{"name": "test_disappearance_of_purchase_button", "status": "failed", "statusDetails": {"message": "AssertionError: assert False == True\n +  where False = <bound method PageObject.is_not_displayed of <Web.Tests.test_placeorder.Test_Order object at 0x000002E90421B880>>(('xpath', \"//button[contains(text(),'Purchase')]\"))\n +    where <bound method PageObject.is_not_displayed of <Web.Tests.test_placeorder.Test_Order object at 0x000002E90421B880>> = <Web.Tests.test_placeorder.Test_Order object at 0x000002E90421B880>.is_not_displayed\n +    and   ('xpath', \"//button[contains(text(),'Purchase')]\") = <Web.Tests.test_placeorder.Test_Order object at 0x000002E90421B880>.purchase_button", "trace": "self = <Web.Tests.test_placeorder.Test_Order object at 0x000002E90421B880>\n\n>   ???\nE   assert False == True\nE    +  where False = <bound method PageObject.is_not_displayed of <Web.Tests.test_placeorder.Test_Order object at 0x000002E90421B880>>(('xpath', \"//button[contains(text(),'Purchase')]\"))\nE    +    where <bound method PageObject.is_not_displayed of <Web.Tests.test_placeorder.Test_Order object at 0x000002E90421B880>> = <Web.Tests.test_placeorder.Test_Order object at 0x000002E90421B880>.is_not_displayed\nE    +    and   ('xpath', \"//button[contains(text(),'Purchase')]\") = <Web.Tests.test_placeorder.Test_Order object at 0x000002E90421B880>.purchase_button\n\nC:\\Users\\user\\PycharmProjects\\Final Project\\Web\\Tests\\test_placeorder.py:246: AssertionError"}, "description": "Verify if the confirmation page and place order page are overlapped", "steps": [{"name": "Opening the website", "status": "passed", "start": 1675538165270, "stop": 1675538165745}, {"name": "Clicking the element", "status": "passed", "parameters": [{"name": "locate", "value": "('xpath', \"//a[contains(text(),'Samsung galaxy s6')]\")"}], "start": 1675538165745, "stop": 1675538166857}, {"name": "Clicking the element", "status": "passed", "parameters": [{"name": "locate", "value": "('xpath', \"//a[contains(text(),'Add to cart')]\")"}], "start": 1675538166857, "stop": 1675538167507}, {"name": "Accepting alert", "status": "passed", "parameters": [{"name": "time", "value": "10"}], "start": 1675538167507, "stop": 1675538168026}, {"name": "Clicking the element", "status": "passed", "parameters": [{"name": "locate", "value": "('xpath', \"//a[@id='cartur']\")"}], "start": 1675538168026, "stop": 1675538168560}, {"name": "Clicking the element", "status": "passed", "parameters": [{"name": "locate", "value": "('xpath', \"//button[contains(text(),'Place Order')]\")"}], "start": 1675538168560, "stop": 1675538168659}, {"name": "Clicking the element", "status": "passed", "parameters": [{"name": "locate", "value": "('xpath', \"//button[contains(text(),'Purchase')]\")"}], "start": 1675538169709, "stop": 1675538169785}, {"name": "Checking if the element is not displayed", "status": "passed", "parameters": [{"name": "locate", "value": "('xpath', \"//button[contains(text(),'Purchase')]\")"}], "start": 1675538172787, "stop": 1675538172849}], "start": 1675538165270, "stop": 1675538172849, "uuid": "c8a136ac-6b02-4619-bb07-5cf59b32f874", "historyId": "4efe278f6e395bd52fc504c5f7ba6ff4", "testCaseId": "594d871d8fde08cb13cae1ef634bb304", "fullName": "Tests.test_placeorder.Test_Order#test_disappearance_of_purchase_button", "labels": [{"name": "parentSuite", "value": "Tests"}, {"name": "suite", "value": "test_placeorder"}, {"name": "subSuite", "value": "Test_Order"}, {"name": "host", "value": "mike"}, {"name": "thread", "value": "7176-MainThread"}, {"name": "framework", "value": "pytest"}, {"name": "language", "value": "cpython3"}, {"name": "package", "value": "Tests.test_placeorder"}]}