{"name": "test_without_data", "status": "failed", "statusDetails": {"message": "AssertionError: assert 'Thanks for the message!!' == 'Please fill out the fields'\n  - Please fill out the fields\n  + Thanks for the message!!", "trace": "self = <Web.Tests.test_contactus.Test_ContactUs object at 0x000001C2A1273B80>\n\n>   ???\nE   AssertionError: assert 'Thanks for the message!!' == 'Please fill out the fields'\nE     - Please fill out the fields\nE     + Thanks for the message!!\n\nC:\\Users\\user\\PycharmProjects\\Final Project\\Web\\Tests\\test_contactus.py:43: AssertionError"}, "description": "Check that comment submission doesâ€™t work without entering any data.", "steps": [{"name": "Opening the website", "status": "passed", "start": 1675537255524, "stop": 1675537256026}, {"name": "Clicking the element", "status": "passed", "parameters": [{"name": "locate", "value": "('xpath', \"//a[contains(text(),'Contact')]\")"}], "start": 1675537256026, "stop": 1675537256105}, {"name": "Clicking the element", "status": "passed", "parameters": [{"name": "locate", "value": "('xpath', \"//button[contains(text(),'Send message')]\")"}], "start": 1675537256105, "stop": 1675537256704}, {"name": "Read alert message", "status": "passed", "parameters": [{"name": "time", "value": "10"}], "start": 1675537258714, "stop": 1675537258726}], "start": 1675537255523, "stop": 1675537258727, "uuid": "29a4eb14-ba1e-46ff-9b98-b92a832b4079", "historyId": "26261d57ba2509081ec95e9c729758a0", "testCaseId": "8df9e79bf7cba52a145ea94d57c740ab", "fullName": "Tests.test_contactus.Test_ContactUs#test_without_data", "labels": [{"name": "parentSuite", "value": "Tests"}, {"name": "suite", "value": "test_contactus"}, {"name": "subSuite", "value": "Test_ContactUs"}, {"name": "host", "value": "mike"}, {"name": "thread", "value": "15340-MainThread"}, {"name": "framework", "value": "pytest"}, {"name": "language", "value": "cpython3"}, {"name": "package", "value": "Tests.test_contactus"}]}