{"name": "test_disappearance_of_purchase_button", "status": "failed", "statusDetails": {"message": "AssertionError: assert False == True\n +  where False = <bound method PageObject.is_not_displayed of <Web.Tests.test_placeorder.Test_Order object at 0x000001C2A12E38B0>>(('xpath', \"//button[contains(text(),'Purchase')]\"))\n +    where <bound method PageObject.is_not_displayed of <Web.Tests.test_placeorder.Test_Order object at 0x000001C2A12E38B0>> = <Web.Tests.test_placeorder.Test_Order object at 0x000001C2A12E38B0>.is_not_displayed\n +    and   ('xpath', \"//button[contains(text(),'Purchase')]\") = <Web.Tests.test_placeorder.Test_Order object at 0x000001C2A12E38B0>.purchase_button", "trace": "self = <Web.Tests.test_placeorder.Test_Order object at 0x000001C2A12E38B0>\n\n>   ???\nE   assert False == True\nE    +  where False = <bound method PageObject.is_not_displayed of <Web.Tests.test_placeorder.Test_Order object at 0x000001C2A12E38B0>>(('xpath', \"//button[contains(text(),'Purchase')]\"))\nE    +    where <bound method PageObject.is_not_displayed of <Web.Tests.test_placeorder.Test_Order object at 0x000001C2A12E38B0>> = <Web.Tests.test_placeorder.Test_Order object at 0x000001C2A12E38B0>.is_not_displayed\nE    +    and   ('xpath', \"//button[contains(text(),'Purchase')]\") = <Web.Tests.test_placeorder.Test_Order object at 0x000001C2A12E38B0>.purchase_button\n\nC:\\Users\\user\\PycharmProjects\\Final Project\\Web\\Tests\\test_placeorder.py:246: AssertionError"}, "description": "Verify if the confirmation page and place order page are overlapped", "steps": [{"name": "Opening the website", "status": "passed", "start": 1675537413612, "stop": 1675537414079}, {"name": "Clicking the element", "status": "passed", "parameters": [{"name": "locate", "value": "('xpath', \"//a[contains(text(),'Samsung galaxy s6')]\")"}], "start": 1675537414079, "stop": 1675537415078}, {"name": "Clicking the element", "status": "passed", "parameters": [{"name": "locate", "value": "('xpath', \"//a[contains(text(),'Add to cart')]\")"}], "start": 1675537415078, "stop": 1675537415715}, {"name": "Accepting alert", "status": "passed", "parameters": [{"name": "time", "value": "10"}], "start": 1675537415715, "stop": 1675537416228}, {"name": "Clicking the element", "status": "passed", "parameters": [{"name": "locate", "value": "('xpath', \"//a[@id='cartur']\")"}], "start": 1675537416228, "stop": 1675537416776}, {"name": "Clicking the element", "status": "passed", "parameters": [{"name": "locate", "value": "('xpath', \"//button[contains(text(),'Place Order')]\")"}], "start": 1675537416777, "stop": 1675537416879}, {"name": "Clicking the element", "status": "passed", "parameters": [{"name": "locate", "value": "('xpath', \"//button[contains(text(),'Purchase')]\")"}], "start": 1675537417921, "stop": 1675537418016}, {"name": "Checking if the element is not displayed", "status": "passed", "parameters": [{"name": "locate", "value": "('xpath', \"//button[contains(text(),'Purchase')]\")"}], "start": 1675537421030, "stop": 1675537421057}], "start": 1675537413612, "stop": 1675537421057, "uuid": "a1807d51-0f5b-4e10-86bc-49e8e6c87dc8", "historyId": "4efe278f6e395bd52fc504c5f7ba6ff4", "testCaseId": "594d871d8fde08cb13cae1ef634bb304", "fullName": "Tests.test_placeorder.Test_Order#test_disappearance_of_purchase_button", "labels": [{"name": "parentSuite", "value": "Tests"}, {"name": "suite", "value": "test_placeorder"}, {"name": "subSuite", "value": "Test_Order"}, {"name": "host", "value": "mike"}, {"name": "thread", "value": "15340-MainThread"}, {"name": "framework", "value": "pytest"}, {"name": "language", "value": "cpython3"}, {"name": "package", "value": "Tests.test_placeorder"}]}