{"name": "test_without_data", "status": "failed", "statusDetails": {"message": "AssertionError: assert 'Thanks for the message!!' == 'Please fill out the fields'\n  - Please fill out the fields\n  + Thanks for the message!!", "trace": "self = <Web.Tests.test_contactus.Test_ContactUs object at 0x000002E9041ABB50>\n\n>   ???\nE   AssertionError: assert 'Thanks for the message!!' == 'Please fill out the fields'\nE     - Please fill out the fields\nE     + Thanks for the message!!\n\nC:\\Users\\user\\PycharmProjects\\Final Project\\Web\\Tests\\test_contactus.py:43: AssertionError"}, "description": "Check that comment submission doesâ€™t work without entering any data.", "steps": [{"name": "Opening the website", "status": "passed", "start": 1675538007570, "stop": 1675538008065}, {"name": "Clicking the element", "status": "passed", "parameters": [{"name": "locate", "value": "('xpath', \"//a[contains(text(),'Contact')]\")"}], "start": 1675538008065, "stop": 1675538008144}, {"name": "Clicking the element", "status": "passed", "parameters": [{"name": "locate", "value": "('xpath', \"//button[contains(text(),'Send message')]\")"}], "start": 1675538008144, "stop": 1675538008784}, {"name": "Read alert message", "status": "passed", "parameters": [{"name": "time", "value": "10"}], "start": 1675538010789, "stop": 1675538010801}], "start": 1675538007570, "stop": 1675538010801, "uuid": "e940f8f2-cda2-44f5-9113-6ff33df5b0ca", "historyId": "26261d57ba2509081ec95e9c729758a0", "testCaseId": "8df9e79bf7cba52a145ea94d57c740ab", "fullName": "Tests.test_contactus.Test_ContactUs#test_without_data", "labels": [{"name": "parentSuite", "value": "Tests"}, {"name": "suite", "value": "test_contactus"}, {"name": "subSuite", "value": "Test_ContactUs"}, {"name": "host", "value": "mike"}, {"name": "thread", "value": "7176-MainThread"}, {"name": "framework", "value": "pytest"}, {"name": "language", "value": "cpython3"}, {"name": "package", "value": "Tests.test_contactus"}]}