{"name": "test_without_comment_name", "status": "failed", "statusDetails": {"message": "AssertionError: assert 'Thanks for the message!!' == 'Please fill ...nt name field'\n  - Please fill out comment name field\n  + Thanks for the message!!", "trace": "self = <Web.Tests.test_contactus.Test_ContactUs object at 0x000001C2A12E0160>\n\n>   ???\nE   AssertionError: assert 'Thanks for the message!!' == 'Please fill ...nt name field'\nE     - Please fill out comment name field\nE     + Thanks for the message!!\n\nC:\\Users\\user\\PycharmProjects\\Final Project\\Web\\Tests\\test_contactus.py:92: AssertionError"}, "description": "Check that comment submission works without name.", "steps": [{"name": "Opening the website", "status": "passed", "start": 1675537265624, "stop": 1675537265808}, {"name": "Clicking the element", "status": "passed", "parameters": [{"name": "locate", "value": "('xpath', \"//a[contains(text(),'Contact')]\")"}], "start": 1675537265808, "stop": 1675537265887}, {"name": "Clicking the element", "status": "passed", "parameters": [{"name": "locate", "value": "('xpath', \"//button[contains(text(),'Send message')]\")"}], "start": 1675537266650, "stop": 1675537266737}, {"name": "Read alert message", "status": "passed", "parameters": [{"name": "time", "value": "10"}], "start": 1675537268740, "stop": 1675537268752}], "start": 1675537265624, "stop": 1675537268752, "uuid": "a4a87bab-c3ce-4700-916a-174cdef45b5a", "historyId": "acd08cd28744df4e5d1273f246558c76", "testCaseId": "a16f0634f5c2e6693d5d6b3814f50404", "fullName": "Tests.test_contactus.Test_ContactUs#test_without_comment_name", "labels": [{"name": "parentSuite", "value": "Tests"}, {"name": "suite", "value": "test_contactus"}, {"name": "subSuite", "value": "Test_ContactUs"}, {"name": "host", "value": "mike"}, {"name": "thread", "value": "15340-MainThread"}, {"name": "framework", "value": "pytest"}, {"name": "language", "value": "cpython3"}, {"name": "package", "value": "Tests.test_contactus"}]}