{"name": "test_place_order_incorrect_name_valid_data", "status": "failed", "statusDetails": {"message": "AssertionError: assert 'Thank you for your purchase!' == 'The name you...to other data'\n  - The name you entered doesn't match to other data\n  + Thank you for your purchase!", "trace": "self = <Web.Tests.test_placeorder.Test_Order object at 0x000001C2A12E2C50>\n\n>   ???\nE   AssertionError: assert 'Thank you for your purchase!' == 'The name you...to other data'\nE     - The name you entered doesn't match to other data\nE     + Thank you for your purchase!\n\nC:\\Users\\user\\PycharmProjects\\Final Project\\Web\\Tests\\test_placeorder.py:72: AssertionError"}, "description": "Verify the place order using correct data and an invalid username.", "steps": [{"name": "Opening the website", "status": "passed", "start": 1675537341539, "stop": 1675537341809}, {"name": "Clicking the element", "status": "passed", "parameters": [{"name": "locate", "value": "('xpath', \"//a[contains(text(),'Samsung galaxy s6')]\")"}], "start": 1675537341809, "stop": 1675537342515}, {"name": "Clicking the element", "status": "passed", "parameters": [{"name": "locate", "value": "('xpath', \"//a[contains(text(),'Add to cart')]\")"}], "start": 1675537342515, "stop": 1675537343161}, {"name": "Accepting alert", "status": "passed", "parameters": [{"name": "time", "value": "10"}], "start": 1675537343161, "stop": 1675537343678}, {"name": "Clicking the element", "status": "passed", "parameters": [{"name": "locate", "value": "('xpath', \"//a[@id='cartur']\")"}], "start": 1675537343678, "stop": 1675537343812}, {"name": "Clicking the element", "status": "passed", "parameters": [{"name": "locate", "value": "('xpath', \"//button[contains(text(),'Place Order')]\")"}], "start": 1675537343812, "stop": 1675537343923}, {"name": "Clicking the element", "status": "passed", "parameters": [{"name": "locate", "value": "('xpath', \"//button[contains(text(),'Purchase')]\")"}], "start": 1675537344962, "stop": 1675537345031}, {"name": "Read the text of the element", "status": "passed", "parameters": [{"name": "locate", "value": "('xpath', \"//h2[contains(text(),'Thank you for your purchase!')]\")"}], "start": 1675537348038, "stop": 1675537348113}], "start": 1675537341538, "stop": 1675537348113, "uuid": "9c8ebb06-8022-4231-9aa3-5665ca71c19e", "historyId": "c904f65a354f8e5100a91cee355487f4", "testCaseId": "3f042a33a1ec7d11ed93b2469934ce85", "fullName": "Tests.test_placeorder.Test_Order#test_place_order_incorrect_name_valid_data", "labels": [{"name": "parentSuite", "value": "Tests"}, {"name": "suite", "value": "test_placeorder"}, {"name": "subSuite", "value": "Test_Order"}, {"name": "host", "value": "mike"}, {"name": "thread", "value": "15340-MainThread"}, {"name": "framework", "value": "pytest"}, {"name": "language", "value": "cpython3"}, {"name": "package", "value": "Tests.test_placeorder"}]}