{"name": "test_without_comment_name", "status": "failed", "statusDetails": {"message": "AssertionError: assert 'Thanks for the message!!' == 'Please fill ...nt name field'\n  - Please fill out comment name field\n  + Thanks for the message!!", "trace": "self = <Web.Tests.test_contactus.Test_ContactUs object at 0x000002E904218130>\n\n>   ???\nE   AssertionError: assert 'Thanks for the message!!' == 'Please fill ...nt name field'\nE     - Please fill out comment name field\nE     + Thanks for the message!!\n\nC:\\Users\\user\\PycharmProjects\\Final Project\\Web\\Tests\\test_contactus.py:92: AssertionError"}, "description": "Check that comment submission works without name.", "steps": [{"name": "Opening the website", "status": "passed", "start": 1675538017444, "stop": 1675538017728}, {"name": "Clicking the element", "status": "passed", "parameters": [{"name": "locate", "value": "('xpath', \"//a[contains(text(),'Contact')]\")"}], "start": 1675538017729, "stop": 1675538017817}, {"name": "Clicking the element", "status": "passed", "parameters": [{"name": "locate", "value": "('xpath', \"//button[contains(text(),'Send message')]\")"}], "start": 1675538018563, "stop": 1675538018670}, {"name": "Read alert message", "status": "passed", "parameters": [{"name": "time", "value": "10"}], "start": 1675538020686, "stop": 1675538020698}], "start": 1675538017444, "stop": 1675538020698, "uuid": "44607f56-f33c-4987-8f3e-6133dae6b0dc", "historyId": "acd08cd28744df4e5d1273f246558c76", "testCaseId": "a16f0634f5c2e6693d5d6b3814f50404", "fullName": "Tests.test_contactus.Test_ContactUs#test_without_comment_name", "labels": [{"name": "parentSuite", "value": "Tests"}, {"name": "suite", "value": "test_contactus"}, {"name": "subSuite", "value": "Test_ContactUs"}, {"name": "host", "value": "mike"}, {"name": "thread", "value": "7176-MainThread"}, {"name": "framework", "value": "pytest"}, {"name": "language", "value": "cpython3"}, {"name": "package", "value": "Tests.test_contactus"}]}